2023-12-19 10:07:33,209 INFO    StreamThr :14633 [internal.py:wandb_internal():90] W&B internal server running at pid: 14633, started at: 2023-12-19 10:07:33.208110
2023-12-19 10:07:33,212 DEBUG   HandlerThread:14633 [handler.py:handle_request():141] handle_request: status
2023-12-19 10:07:33,214 DEBUG   SenderThread:14633 [sender.py:send_request():316] send_request: status
2023-12-19 10:07:33,218 DEBUG   SenderThread:14633 [sender.py:send():302] send: header
2023-12-19 10:07:33,218 INFO    WriterThread:14633 [datastore.py:open_for_write():75] open: /work3/soeba/HALOS/wandb/run-20231219_100733-1r8nd9xw/run-1r8nd9xw.wandb
2023-12-19 10:07:33,221 DEBUG   SenderThread:14633 [sender.py:send():302] send: run
2023-12-19 10:08:03,243 DEBUG   HandlerThread:14633 [handler.py:handle_request():141] handle_request: poll_exit
2023-12-19 10:08:06,640 ERROR   SenderThread:14633 [retry.py:__call__():154] Retry attempt failed:
Traceback (most recent call last):
  File "/work3/soeba/HALOS/halos/lib/python3.8/site-packages/urllib3/connectionpool.py", line 449, in _make_request
    six.raise_from(e, None)
  File "<string>", line 3, in raise_from
  File "/work3/soeba/HALOS/halos/lib/python3.8/site-packages/urllib3/connectionpool.py", line 444, in _make_request
    httplib_response = conn.getresponse()
  File "/appl/python/3.8.9/lib/python3.8/http/client.py", line 1344, in getresponse
    response.begin()
  File "/appl/python/3.8.9/lib/python3.8/http/client.py", line 307, in begin
    version, status, reason = self._read_status()
  File "/appl/python/3.8.9/lib/python3.8/http/client.py", line 268, in _read_status
    line = str(self.fp.readline(_MAXLINE + 1), "iso-8859-1")
  File "/appl/python/3.8.9/lib/python3.8/socket.py", line 669, in readinto
    return self._sock.recv_into(b)
  File "/appl/python/3.8.9/lib/python3.8/ssl.py", line 1241, in recv_into
    return self.read(nbytes, buffer)
  File "/appl/python/3.8.9/lib/python3.8/ssl.py", line 1099, in read
    return self._sslobj.read(len, buffer)
socket.timeout: The read operation timed out

During handling of the above exception, another exception occurred:

Traceback (most recent call last):
  File "/work3/soeba/HALOS/halos/lib/python3.8/site-packages/requests/adapters.py", line 489, in send
    resp = conn.urlopen(
  File "/work3/soeba/HALOS/halos/lib/python3.8/site-packages/urllib3/connectionpool.py", line 787, in urlopen
    retries = retries.increment(
  File "/work3/soeba/HALOS/halos/lib/python3.8/site-packages/urllib3/util/retry.py", line 550, in increment
    raise six.reraise(type(error), error, _stacktrace)
  File "/work3/soeba/HALOS/halos/lib/python3.8/site-packages/urllib3/packages/six.py", line 770, in reraise
    raise value
  File "/work3/soeba/HALOS/halos/lib/python3.8/site-packages/urllib3/connectionpool.py", line 703, in urlopen
    httplib_response = self._make_request(
  File "/work3/soeba/HALOS/halos/lib/python3.8/site-packages/urllib3/connectionpool.py", line 451, in _make_request
    self._raise_timeout(err=e, url=url, timeout_value=read_timeout)
  File "/work3/soeba/HALOS/halos/lib/python3.8/site-packages/urllib3/connectionpool.py", line 340, in _raise_timeout
    raise ReadTimeoutError(
urllib3.exceptions.ReadTimeoutError: HTTPSConnectionPool(host='api.wandb.ai', port=443): Read timed out. (read timeout=10)

During handling of the above exception, another exception occurred:

Traceback (most recent call last):
  File "/work3/soeba/HALOS/halos/lib/python3.8/site-packages/wandb/sdk/lib/retry.py", line 113, in __call__
    result = self._call_fn(*args, **kwargs)
  File "/work3/soeba/HALOS/halos/lib/python3.8/site-packages/wandb/sdk/internal/internal_api.py", line 204, in execute
    return self.client.execute(*args, **kwargs)  # type: ignore
  File "/work3/soeba/HALOS/halos/lib/python3.8/site-packages/wandb/vendor/gql-0.2.0/wandb_gql/client.py", line 52, in execute
    result = self._get_result(document, *args, **kwargs)
  File "/work3/soeba/HALOS/halos/lib/python3.8/site-packages/wandb/vendor/gql-0.2.0/wandb_gql/client.py", line 60, in _get_result
    return self.transport.execute(document, *args, **kwargs)
  File "/work3/soeba/HALOS/halos/lib/python3.8/site-packages/wandb/vendor/gql-0.2.0/wandb_gql/transport/requests.py", line 38, in execute
    request = requests.post(self.url, **post_args)
  File "/work3/soeba/HALOS/halos/lib/python3.8/site-packages/requests/api.py", line 115, in post
    return request("post", url, data=data, json=json, **kwargs)
  File "/work3/soeba/HALOS/halos/lib/python3.8/site-packages/requests/api.py", line 59, in request
    return session.request(method=method, url=url, **kwargs)
  File "/work3/soeba/HALOS/halos/lib/python3.8/site-packages/requests/sessions.py", line 587, in request
    resp = self.send(prep, **send_kwargs)
  File "/work3/soeba/HALOS/halos/lib/python3.8/site-packages/requests/sessions.py", line 701, in send
    r = adapter.send(request, **kwargs)
  File "/work3/soeba/HALOS/halos/lib/python3.8/site-packages/requests/adapters.py", line 578, in send
    raise ReadTimeout(e, request=request)
requests.exceptions.ReadTimeout: HTTPSConnectionPool(host='api.wandb.ai', port=443): Read timed out. (read timeout=10)
2023-12-19 10:08:08,344 DEBUG   HandlerThread:14633 [handler.py:handle_request():141] handle_request: poll_exit
2023-12-19 10:08:13,445 DEBUG   HandlerThread:14633 [handler.py:handle_request():141] handle_request: poll_exit
2023-12-19 10:08:18,545 DEBUG   HandlerThread:14633 [handler.py:handle_request():141] handle_request: poll_exit
2023-12-19 10:08:23,645 DEBUG   HandlerThread:14633 [handler.py:handle_request():141] handle_request: poll_exit
2023-12-19 10:08:28,745 DEBUG   HandlerThread:14633 [handler.py:handle_request():141] handle_request: poll_exit
2023-12-19 10:08:33,846 DEBUG   HandlerThread:14633 [handler.py:handle_request():141] handle_request: poll_exit
2023-12-19 10:08:38,946 DEBUG   HandlerThread:14633 [handler.py:handle_request():141] handle_request: poll_exit
2023-12-19 10:08:44,046 DEBUG   HandlerThread:14633 [handler.py:handle_request():141] handle_request: poll_exit
2023-12-19 10:08:45,516 ERROR   SenderThread:14633 [retry.py:__call__():154] Retry attempt failed:
Traceback (most recent call last):
  File "/work3/soeba/HALOS/halos/lib/python3.8/site-packages/urllib3/connectionpool.py", line 449, in _make_request
    six.raise_from(e, None)
  File "<string>", line 3, in raise_from
  File "/work3/soeba/HALOS/halos/lib/python3.8/site-packages/urllib3/connectionpool.py", line 444, in _make_request
    httplib_response = conn.getresponse()
  File "/appl/python/3.8.9/lib/python3.8/http/client.py", line 1344, in getresponse
    response.begin()
  File "/appl/python/3.8.9/lib/python3.8/http/client.py", line 307, in begin
    version, status, reason = self._read_status()
  File "/appl/python/3.8.9/lib/python3.8/http/client.py", line 268, in _read_status
    line = str(self.fp.readline(_MAXLINE + 1), "iso-8859-1")
  File "/appl/python/3.8.9/lib/python3.8/socket.py", line 669, in readinto
    return self._sock.recv_into(b)
  File "/appl/python/3.8.9/lib/python3.8/ssl.py", line 1241, in recv_into
    return self.read(nbytes, buffer)
  File "/appl/python/3.8.9/lib/python3.8/ssl.py", line 1099, in read
    return self._sslobj.read(len, buffer)
socket.timeout: The read operation timed out

During handling of the above exception, another exception occurred:

Traceback (most recent call last):
  File "/work3/soeba/HALOS/halos/lib/python3.8/site-packages/requests/adapters.py", line 489, in send
    resp = conn.urlopen(
  File "/work3/soeba/HALOS/halos/lib/python3.8/site-packages/urllib3/connectionpool.py", line 787, in urlopen
    retries = retries.increment(
  File "/work3/soeba/HALOS/halos/lib/python3.8/site-packages/urllib3/util/retry.py", line 550, in increment
    raise six.reraise(type(error), error, _stacktrace)
  File "/work3/soeba/HALOS/halos/lib/python3.8/site-packages/urllib3/packages/six.py", line 770, in reraise
    raise value
  File "/work3/soeba/HALOS/halos/lib/python3.8/site-packages/urllib3/connectionpool.py", line 703, in urlopen
    httplib_response = self._make_request(
  File "/work3/soeba/HALOS/halos/lib/python3.8/site-packages/urllib3/connectionpool.py", line 451, in _make_request
    self._raise_timeout(err=e, url=url, timeout_value=read_timeout)
  File "/work3/soeba/HALOS/halos/lib/python3.8/site-packages/urllib3/connectionpool.py", line 340, in _raise_timeout
    raise ReadTimeoutError(
urllib3.exceptions.ReadTimeoutError: HTTPSConnectionPool(host='api.wandb.ai', port=443): Read timed out. (read timeout=10)

During handling of the above exception, another exception occurred:

Traceback (most recent call last):
  File "/work3/soeba/HALOS/halos/lib/python3.8/site-packages/wandb/sdk/lib/retry.py", line 113, in __call__
    result = self._call_fn(*args, **kwargs)
  File "/work3/soeba/HALOS/halos/lib/python3.8/site-packages/wandb/sdk/internal/internal_api.py", line 204, in execute
    return self.client.execute(*args, **kwargs)  # type: ignore
  File "/work3/soeba/HALOS/halos/lib/python3.8/site-packages/wandb/vendor/gql-0.2.0/wandb_gql/client.py", line 52, in execute
    result = self._get_result(document, *args, **kwargs)
  File "/work3/soeba/HALOS/halos/lib/python3.8/site-packages/wandb/vendor/gql-0.2.0/wandb_gql/client.py", line 60, in _get_result
    return self.transport.execute(document, *args, **kwargs)
  File "/work3/soeba/HALOS/halos/lib/python3.8/site-packages/wandb/vendor/gql-0.2.0/wandb_gql/transport/requests.py", line 38, in execute
    request = requests.post(self.url, **post_args)
  File "/work3/soeba/HALOS/halos/lib/python3.8/site-packages/requests/api.py", line 115, in post
    return request("post", url, data=data, json=json, **kwargs)
  File "/work3/soeba/HALOS/halos/lib/python3.8/site-packages/requests/api.py", line 59, in request
    return session.request(method=method, url=url, **kwargs)
  File "/work3/soeba/HALOS/halos/lib/python3.8/site-packages/requests/sessions.py", line 587, in request
    resp = self.send(prep, **send_kwargs)
  File "/work3/soeba/HALOS/halos/lib/python3.8/site-packages/requests/sessions.py", line 701, in send
    r = adapter.send(request, **kwargs)
  File "/work3/soeba/HALOS/halos/lib/python3.8/site-packages/requests/adapters.py", line 578, in send
    raise ReadTimeout(e, request=request)
requests.exceptions.ReadTimeout: HTTPSConnectionPool(host='api.wandb.ai', port=443): Read timed out. (read timeout=10)
2023-12-19 10:08:49,147 DEBUG   HandlerThread:14633 [handler.py:handle_request():141] handle_request: poll_exit
2023-12-19 10:08:54,247 DEBUG   HandlerThread:14633 [handler.py:handle_request():141] handle_request: poll_exit
2023-12-19 10:08:59,347 DEBUG   HandlerThread:14633 [handler.py:handle_request():141] handle_request: poll_exit
2023-12-19 10:09:04,448 DEBUG   HandlerThread:14633 [handler.py:handle_request():141] handle_request: poll_exit
2023-12-19 10:09:09,548 DEBUG   HandlerThread:14633 [handler.py:handle_request():141] handle_request: poll_exit
2023-12-19 10:09:14,649 DEBUG   HandlerThread:14633 [handler.py:handle_request():141] handle_request: poll_exit
2023-12-19 10:09:19,749 DEBUG   HandlerThread:14633 [handler.py:handle_request():141] handle_request: poll_exit
2023-12-19 10:09:24,849 DEBUG   HandlerThread:14633 [handler.py:handle_request():141] handle_request: poll_exit
2023-12-19 10:09:29,950 DEBUG   HandlerThread:14633 [handler.py:handle_request():141] handle_request: poll_exit
2023-12-19 10:09:35,050 DEBUG   HandlerThread:14633 [handler.py:handle_request():141] handle_request: poll_exit
2023-12-19 10:09:40,150 DEBUG   HandlerThread:14633 [handler.py:handle_request():141] handle_request: poll_exit
2023-12-19 10:09:45,251 DEBUG   HandlerThread:14633 [handler.py:handle_request():141] handle_request: poll_exit
2023-12-19 10:09:50,351 DEBUG   HandlerThread:14633 [handler.py:handle_request():141] handle_request: poll_exit
2023-12-19 10:09:55,451 DEBUG   HandlerThread:14633 [handler.py:handle_request():141] handle_request: poll_exit
2023-12-19 10:10:00,552 DEBUG   HandlerThread:14633 [handler.py:handle_request():141] handle_request: poll_exit
2023-12-19 10:10:05,652 DEBUG   HandlerThread:14633 [handler.py:handle_request():141] handle_request: poll_exit
2023-12-19 10:10:10,753 DEBUG   HandlerThread:14633 [handler.py:handle_request():141] handle_request: poll_exit
2023-12-19 10:10:15,853 DEBUG   HandlerThread:14633 [handler.py:handle_request():141] handle_request: poll_exit
2023-12-19 10:10:20,953 DEBUG   HandlerThread:14633 [handler.py:handle_request():141] handle_request: poll_exit
2023-12-19 10:10:26,054 DEBUG   HandlerThread:14633 [handler.py:handle_request():141] handle_request: poll_exit
2023-12-19 10:10:30,561 INFO    SenderThread:14633 [dir_watcher.py:__init__():216] watching files in: /work3/soeba/HALOS/wandb/run-20231219_100733-1r8nd9xw/files
2023-12-19 10:10:30,562 INFO    SenderThread:14633 [sender.py:_start_run_threads():913] run started: 1r8nd9xw with start time 1702976853.211491
2023-12-19 10:10:30,563 DEBUG   SenderThread:14633 [sender.py:send():302] send: exit
2023-12-19 10:10:30,563 INFO    SenderThread:14633 [sender.py:send_exit():438] handling exit code: 1
2023-12-19 10:10:30,564 INFO    SenderThread:14633 [sender.py:send_exit():440] handling runtime: 0
2023-12-19 10:10:30,566 INFO    SenderThread:14633 [sender.py:_save_file():1156] saving file wandb-summary.json with policy end
2023-12-19 10:10:30,567 INFO    SenderThread:14633 [sender.py:send_exit():446] send defer
2023-12-19 10:10:30,568 DEBUG   SenderThread:14633 [sender.py:send_request():316] send_request: poll_exit
2023-12-19 10:10:30,568 DEBUG   HandlerThread:14633 [handler.py:handle_request():141] handle_request: defer
2023-12-19 10:10:30,569 DEBUG   SenderThread:14633 [sender.py:send_request():316] send_request: poll_exit
2023-12-19 10:10:30,569 INFO    HandlerThread:14633 [handler.py:handle_request_defer():164] handle defer: 0
2023-12-19 10:10:30,570 DEBUG   SenderThread:14633 [sender.py:send_request():316] send_request: poll_exit
2023-12-19 10:10:30,571 DEBUG   SenderThread:14633 [sender.py:send_request():316] send_request: poll_exit
2023-12-19 10:10:30,571 DEBUG   SenderThread:14633 [sender.py:send_request():316] send_request: poll_exit
2023-12-19 10:10:30,572 DEBUG   SenderThread:14633 [sender.py:send_request():316] send_request: poll_exit
2023-12-19 10:10:30,573 DEBUG   SenderThread:14633 [sender.py:send_request():316] send_request: poll_exit
2023-12-19 10:10:30,573 DEBUG   SenderThread:14633 [sender.py:send_request():316] send_request: poll_exit
2023-12-19 10:10:30,574 DEBUG   SenderThread:14633 [sender.py:send_request():316] send_request: poll_exit
2023-12-19 10:10:30,574 DEBUG   SenderThread:14633 [sender.py:send_request():316] send_request: poll_exit
2023-12-19 10:10:30,575 DEBUG   SenderThread:14633 [sender.py:send_request():316] send_request: poll_exit
2023-12-19 10:10:30,575 DEBUG   SenderThread:14633 [sender.py:send_request():316] send_request: poll_exit
2023-12-19 10:10:30,576 DEBUG   SenderThread:14633 [sender.py:send_request():316] send_request: poll_exit
2023-12-19 10:10:30,576 DEBUG   SenderThread:14633 [sender.py:send_request():316] send_request: poll_exit
2023-12-19 10:10:30,577 DEBUG   SenderThread:14633 [sender.py:send_request():316] send_request: poll_exit
2023-12-19 10:10:30,577 DEBUG   SenderThread:14633 [sender.py:send_request():316] send_request: poll_exit
2023-12-19 10:10:30,578 DEBUG   SenderThread:14633 [sender.py:send_request():316] send_request: poll_exit
2023-12-19 10:10:30,578 DEBUG   SenderThread:14633 [sender.py:send_request():316] send_request: poll_exit
2023-12-19 10:10:30,579 DEBUG   SenderThread:14633 [sender.py:send_request():316] send_request: poll_exit
2023-12-19 10:10:30,579 DEBUG   SenderThread:14633 [sender.py:send_request():316] send_request: poll_exit
2023-12-19 10:10:30,580 DEBUG   SenderThread:14633 [sender.py:send_request():316] send_request: poll_exit
2023-12-19 10:10:30,581 DEBUG   SenderThread:14633 [sender.py:send_request():316] send_request: poll_exit
2023-12-19 10:10:30,581 DEBUG   SenderThread:14633 [sender.py:send_request():316] send_request: poll_exit
2023-12-19 10:10:30,582 DEBUG   SenderThread:14633 [sender.py:send_request():316] send_request: poll_exit
2023-12-19 10:10:30,582 DEBUG   SenderThread:14633 [sender.py:send_request():316] send_request: poll_exit
2023-12-19 10:10:30,583 DEBUG   SenderThread:14633 [sender.py:send_request():316] send_request: poll_exit
2023-12-19 10:10:30,584 DEBUG   SenderThread:14633 [sender.py:send_request():316] send_request: poll_exit
2023-12-19 10:10:30,584 DEBUG   SenderThread:14633 [sender.py:send_request():316] send_request: poll_exit
2023-12-19 10:10:30,585 DEBUG   SenderThread:14633 [sender.py:send_request():316] send_request: poll_exit
2023-12-19 10:10:30,585 DEBUG   SenderThread:14633 [sender.py:send_request():316] send_request: defer
2023-12-19 10:10:30,586 INFO    SenderThread:14633 [sender.py:send_request_defer():455] handle sender defer: 0
2023-12-19 10:10:30,586 INFO    SenderThread:14633 [sender.py:transition_state():459] send defer: 1
2023-12-19 10:10:30,587 DEBUG   HandlerThread:14633 [handler.py:handle_request():141] handle_request: defer
2023-12-19 10:10:30,588 INFO    HandlerThread:14633 [handler.py:handle_request_defer():164] handle defer: 1
2023-12-19 10:10:30,588 DEBUG   SenderThread:14633 [sender.py:send_request():316] send_request: defer
2023-12-19 10:10:30,589 INFO    SenderThread:14633 [sender.py:send_request_defer():455] handle sender defer: 1
2023-12-19 10:10:30,590 INFO    SenderThread:14633 [sender.py:transition_state():459] send defer: 2
2023-12-19 10:10:30,590 DEBUG   HandlerThread:14633 [handler.py:handle_request():141] handle_request: defer
2023-12-19 10:10:30,591 INFO    HandlerThread:14633 [handler.py:handle_request_defer():164] handle defer: 2
2023-12-19 10:10:30,592 DEBUG   SenderThread:14633 [sender.py:send_request():316] send_request: defer
2023-12-19 10:10:30,592 INFO    SenderThread:14633 [sender.py:send_request_defer():455] handle sender defer: 2
2023-12-19 10:10:30,593 INFO    SenderThread:14633 [sender.py:transition_state():459] send defer: 3
2023-12-19 10:10:30,593 DEBUG   HandlerThread:14633 [handler.py:handle_request():141] handle_request: defer
2023-12-19 10:10:30,594 INFO    HandlerThread:14633 [handler.py:handle_request_defer():164] handle defer: 3
2023-12-19 10:10:30,595 DEBUG   SenderThread:14633 [sender.py:send_request():316] send_request: defer
2023-12-19 10:10:30,595 INFO    SenderThread:14633 [sender.py:send_request_defer():455] handle sender defer: 3
2023-12-19 10:10:30,596 INFO    SenderThread:14633 [sender.py:transition_state():459] send defer: 4
2023-12-19 10:10:30,596 DEBUG   HandlerThread:14633 [handler.py:handle_request():141] handle_request: defer
2023-12-19 10:10:30,597 INFO    HandlerThread:14633 [handler.py:handle_request_defer():164] handle defer: 4
2023-12-19 10:10:30,598 DEBUG   SenderThread:14633 [sender.py:send():302] send: summary
2023-12-19 10:10:30,600 INFO    SenderThread:14633 [sender.py:_save_file():1156] saving file wandb-summary.json with policy end
2023-12-19 10:10:30,601 DEBUG   SenderThread:14633 [sender.py:send_request():316] send_request: defer
2023-12-19 10:10:30,602 INFO    SenderThread:14633 [sender.py:send_request_defer():455] handle sender defer: 4
2023-12-19 10:10:30,602 INFO    SenderThread:14633 [sender.py:transition_state():459] send defer: 5
2023-12-19 10:10:30,603 DEBUG   HandlerThread:14633 [handler.py:handle_request():141] handle_request: defer
2023-12-19 10:10:30,603 INFO    HandlerThread:14633 [handler.py:handle_request_defer():164] handle defer: 5
2023-12-19 10:10:30,603 DEBUG   SenderThread:14633 [sender.py:send_request():316] send_request: defer
2023-12-19 10:10:30,604 INFO    SenderThread:14633 [sender.py:send_request_defer():455] handle sender defer: 5
2023-12-19 10:10:30,604 INFO    SenderThread:14633 [sender.py:transition_state():459] send defer: 6
2023-12-19 10:10:30,605 DEBUG   HandlerThread:14633 [handler.py:handle_request():141] handle_request: defer
2023-12-19 10:10:30,605 INFO    HandlerThread:14633 [handler.py:handle_request_defer():164] handle defer: 6
2023-12-19 10:10:30,606 DEBUG   SenderThread:14633 [sender.py:send_request():316] send_request: defer
2023-12-19 10:10:30,607 INFO    SenderThread:14633 [sender.py:send_request_defer():455] handle sender defer: 6
2023-12-19 10:10:30,607 INFO    SenderThread:14633 [sender.py:transition_state():459] send defer: 7
2023-12-19 10:10:30,608 DEBUG   HandlerThread:14633 [handler.py:handle_request():141] handle_request: defer
2023-12-19 10:10:30,608 INFO    HandlerThread:14633 [handler.py:handle_request_defer():164] handle defer: 7
2023-12-19 10:10:30,609 DEBUG   SenderThread:14633 [sender.py:send_request():316] send_request: defer
2023-12-19 10:10:30,609 INFO    SenderThread:14633 [sender.py:send_request_defer():455] handle sender defer: 7
2023-12-19 10:10:30,610 INFO    SenderThread:14633 [dir_watcher.py:finish():362] shutting down directory watcher
2023-12-19 10:10:30,687 DEBUG   HandlerThread:14633 [handler.py:handle_request():141] handle_request: poll_exit
2023-12-19 10:10:31,564 INFO    SenderThread:14633 [dir_watcher.py:_on_file_created():275] file/dir created: /work3/soeba/HALOS/wandb/run-20231219_100733-1r8nd9xw/files/wandb-summary.json
2023-12-19 10:10:31,565 INFO    SenderThread:14633 [dir_watcher.py:finish():392] scan: /work3/soeba/HALOS/wandb/run-20231219_100733-1r8nd9xw/files
2023-12-19 10:10:31,566 INFO    SenderThread:14633 [dir_watcher.py:finish():406] scan save: /work3/soeba/HALOS/wandb/run-20231219_100733-1r8nd9xw/files/wandb-summary.json wandb-summary.json
2023-12-19 10:10:31,567 INFO    SenderThread:14633 [dir_watcher.py:finish():406] scan save: /work3/soeba/HALOS/wandb/run-20231219_100733-1r8nd9xw/files/config.yaml config.yaml
2023-12-19 10:10:31,571 INFO    SenderThread:14633 [sender.py:transition_state():459] send defer: 8
2023-12-19 10:10:31,574 DEBUG   SenderThread:14633 [sender.py:send_request():316] send_request: poll_exit
2023-12-19 10:10:31,574 DEBUG   HandlerThread:14633 [handler.py:handle_request():141] handle_request: defer
2023-12-19 10:10:31,575 INFO    HandlerThread:14633 [handler.py:handle_request_defer():164] handle defer: 8
2023-12-19 10:10:31,576 DEBUG   SenderThread:14633 [sender.py:send_request():316] send_request: defer
2023-12-19 10:10:31,576 INFO    SenderThread:14633 [sender.py:send_request_defer():455] handle sender defer: 8
2023-12-19 10:10:31,577 INFO    SenderThread:14633 [file_pusher.py:finish():171] shutting down file pusher
2023-12-19 10:10:31,675 DEBUG   HandlerThread:14633 [handler.py:handle_request():141] handle_request: poll_exit
2023-12-19 10:10:31,676 DEBUG   SenderThread:14633 [sender.py:send_request():316] send_request: poll_exit
2023-12-19 10:10:31,777 DEBUG   HandlerThread:14633 [handler.py:handle_request():141] handle_request: poll_exit
2023-12-19 10:10:31,778 DEBUG   SenderThread:14633 [sender.py:send_request():316] send_request: poll_exit
2023-12-19 10:10:31,880 DEBUG   HandlerThread:14633 [handler.py:handle_request():141] handle_request: poll_exit
2023-12-19 10:10:31,880 DEBUG   SenderThread:14633 [sender.py:send_request():316] send_request: poll_exit
2023-12-19 10:10:31,982 DEBUG   HandlerThread:14633 [handler.py:handle_request():141] handle_request: poll_exit
2023-12-19 10:10:31,983 DEBUG   SenderThread:14633 [sender.py:send_request():316] send_request: poll_exit
2023-12-19 10:10:32,084 DEBUG   HandlerThread:14633 [handler.py:handle_request():141] handle_request: poll_exit
2023-12-19 10:10:32,085 DEBUG   SenderThread:14633 [sender.py:send_request():316] send_request: poll_exit
2023-12-19 10:10:32,186 DEBUG   HandlerThread:14633 [handler.py:handle_request():141] handle_request: poll_exit
2023-12-19 10:10:32,187 DEBUG   SenderThread:14633 [sender.py:send_request():316] send_request: poll_exit
2023-12-19 10:10:32,289 DEBUG   HandlerThread:14633 [handler.py:handle_request():141] handle_request: poll_exit
2023-12-19 10:10:32,289 DEBUG   SenderThread:14633 [sender.py:send_request():316] send_request: poll_exit
2023-12-19 10:10:32,391 DEBUG   HandlerThread:14633 [handler.py:handle_request():141] handle_request: poll_exit
2023-12-19 10:10:32,392 DEBUG   SenderThread:14633 [sender.py:send_request():316] send_request: poll_exit
2023-12-19 10:10:32,493 DEBUG   HandlerThread:14633 [handler.py:handle_request():141] handle_request: poll_exit
2023-12-19 10:10:32,494 DEBUG   SenderThread:14633 [sender.py:send_request():316] send_request: poll_exit
2023-12-19 10:10:32,595 DEBUG   HandlerThread:14633 [handler.py:handle_request():141] handle_request: poll_exit
2023-12-19 10:10:32,596 DEBUG   SenderThread:14633 [sender.py:send_request():316] send_request: poll_exit
2023-12-19 10:10:32,697 DEBUG   HandlerThread:14633 [handler.py:handle_request():141] handle_request: poll_exit
2023-12-19 10:10:32,698 DEBUG   SenderThread:14633 [sender.py:send_request():316] send_request: poll_exit
2023-12-19 10:10:32,800 DEBUG   HandlerThread:14633 [handler.py:handle_request():141] handle_request: poll_exit
2023-12-19 10:10:32,800 DEBUG   SenderThread:14633 [sender.py:send_request():316] send_request: poll_exit
2023-12-19 10:10:32,902 DEBUG   HandlerThread:14633 [handler.py:handle_request():141] handle_request: poll_exit
2023-12-19 10:10:32,903 DEBUG   SenderThread:14633 [sender.py:send_request():316] send_request: poll_exit
2023-12-19 10:10:33,004 DEBUG   HandlerThread:14633 [handler.py:handle_request():141] handle_request: poll_exit
2023-12-19 10:10:33,005 DEBUG   SenderThread:14633 [sender.py:send_request():316] send_request: poll_exit
2023-12-19 10:10:33,107 DEBUG   HandlerThread:14633 [handler.py:handle_request():141] handle_request: poll_exit
2023-12-19 10:10:33,107 DEBUG   SenderThread:14633 [sender.py:send_request():316] send_request: poll_exit
2023-12-19 10:10:33,209 DEBUG   HandlerThread:14633 [handler.py:handle_request():141] handle_request: poll_exit
2023-12-19 10:10:33,210 DEBUG   SenderThread:14633 [sender.py:send_request():316] send_request: poll_exit
2023-12-19 10:10:33,311 DEBUG   HandlerThread:14633 [handler.py:handle_request():141] handle_request: poll_exit
2023-12-19 10:10:33,312 DEBUG   SenderThread:14633 [sender.py:send_request():316] send_request: poll_exit
2023-12-19 10:10:33,414 DEBUG   HandlerThread:14633 [handler.py:handle_request():141] handle_request: poll_exit
2023-12-19 10:10:33,414 DEBUG   SenderThread:14633 [sender.py:send_request():316] send_request: poll_exit
2023-12-19 10:10:33,516 DEBUG   HandlerThread:14633 [handler.py:handle_request():141] handle_request: poll_exit
2023-12-19 10:10:33,517 DEBUG   SenderThread:14633 [sender.py:send_request():316] send_request: poll_exit
2023-12-19 10:10:33,618 DEBUG   HandlerThread:14633 [handler.py:handle_request():141] handle_request: poll_exit
2023-12-19 10:10:33,619 DEBUG   SenderThread:14633 [sender.py:send_request():316] send_request: poll_exit
2023-12-19 10:10:33,720 DEBUG   HandlerThread:14633 [handler.py:handle_request():141] handle_request: poll_exit
2023-12-19 10:10:33,721 DEBUG   SenderThread:14633 [sender.py:send_request():316] send_request: poll_exit
2023-12-19 10:10:33,823 DEBUG   HandlerThread:14633 [handler.py:handle_request():141] handle_request: poll_exit
2023-12-19 10:10:33,824 DEBUG   SenderThread:14633 [sender.py:send_request():316] send_request: poll_exit
2023-12-19 10:10:33,925 DEBUG   HandlerThread:14633 [handler.py:handle_request():141] handle_request: poll_exit
2023-12-19 10:10:33,926 DEBUG   SenderThread:14633 [sender.py:send_request():316] send_request: poll_exit
2023-12-19 10:10:34,028 DEBUG   HandlerThread:14633 [handler.py:handle_request():141] handle_request: poll_exit
2023-12-19 10:10:34,028 DEBUG   SenderThread:14633 [sender.py:send_request():316] send_request: poll_exit
2023-12-19 10:10:34,130 DEBUG   HandlerThread:14633 [handler.py:handle_request():141] handle_request: poll_exit
2023-12-19 10:10:34,131 DEBUG   SenderThread:14633 [sender.py:send_request():316] send_request: poll_exit
2023-12-19 10:10:34,192 INFO    Thread-14 :14633 [upload_job.py:push():138] Uploaded file /work3/soeba/HALOS/wandb/run-20231219_100733-1r8nd9xw/files/wandb-summary.json
2023-12-19 10:10:34,232 DEBUG   HandlerThread:14633 [handler.py:handle_request():141] handle_request: poll_exit
2023-12-19 10:10:34,233 DEBUG   SenderThread:14633 [sender.py:send_request():316] send_request: poll_exit
2023-12-19 10:10:34,334 DEBUG   HandlerThread:14633 [handler.py:handle_request():141] handle_request: poll_exit
2023-12-19 10:10:34,335 DEBUG   SenderThread:14633 [sender.py:send_request():316] send_request: poll_exit
2023-12-19 10:10:34,436 DEBUG   HandlerThread:14633 [handler.py:handle_request():141] handle_request: poll_exit
2023-12-19 10:10:34,437 DEBUG   SenderThread:14633 [sender.py:send_request():316] send_request: poll_exit
2023-12-19 10:10:34,539 DEBUG   HandlerThread:14633 [handler.py:handle_request():141] handle_request: poll_exit
2023-12-19 10:10:34,539 DEBUG   SenderThread:14633 [sender.py:send_request():316] send_request: poll_exit
2023-12-19 10:10:34,641 DEBUG   HandlerThread:14633 [handler.py:handle_request():141] handle_request: poll_exit
2023-12-19 10:10:34,641 DEBUG   SenderThread:14633 [sender.py:send_request():316] send_request: poll_exit
2023-12-19 10:10:34,743 DEBUG   HandlerThread:14633 [handler.py:handle_request():141] handle_request: poll_exit
2023-12-19 10:10:34,744 DEBUG   SenderThread:14633 [sender.py:send_request():316] send_request: poll_exit
2023-12-19 10:10:34,845 DEBUG   HandlerThread:14633 [handler.py:handle_request():141] handle_request: poll_exit
2023-12-19 10:10:34,846 DEBUG   SenderThread:14633 [sender.py:send_request():316] send_request: poll_exit
2023-12-19 10:10:34,947 DEBUG   HandlerThread:14633 [handler.py:handle_request():141] handle_request: poll_exit
2023-12-19 10:10:34,947 DEBUG   SenderThread:14633 [sender.py:send_request():316] send_request: poll_exit
2023-12-19 10:10:35,049 DEBUG   HandlerThread:14633 [handler.py:handle_request():141] handle_request: poll_exit
2023-12-19 10:10:35,049 DEBUG   SenderThread:14633 [sender.py:send_request():316] send_request: poll_exit
2023-12-19 10:10:35,151 DEBUG   HandlerThread:14633 [handler.py:handle_request():141] handle_request: poll_exit
2023-12-19 10:10:35,152 DEBUG   SenderThread:14633 [sender.py:send_request():316] send_request: poll_exit
2023-12-19 10:10:35,253 DEBUG   HandlerThread:14633 [handler.py:handle_request():141] handle_request: poll_exit
2023-12-19 10:10:35,253 DEBUG   SenderThread:14633 [sender.py:send_request():316] send_request: poll_exit
2023-12-19 10:10:35,355 DEBUG   HandlerThread:14633 [handler.py:handle_request():141] handle_request: poll_exit
2023-12-19 10:10:35,356 DEBUG   SenderThread:14633 [sender.py:send_request():316] send_request: poll_exit
2023-12-19 10:10:35,457 DEBUG   HandlerThread:14633 [handler.py:handle_request():141] handle_request: poll_exit
2023-12-19 10:10:35,458 DEBUG   SenderThread:14633 [sender.py:send_request():316] send_request: poll_exit
2023-12-19 10:10:35,560 DEBUG   HandlerThread:14633 [handler.py:handle_request():141] handle_request: poll_exit
2023-12-19 10:10:35,560 DEBUG   SenderThread:14633 [sender.py:send_request():316] send_request: poll_exit
2023-12-19 10:10:35,662 DEBUG   HandlerThread:14633 [handler.py:handle_request():141] handle_request: poll_exit
2023-12-19 10:10:35,662 DEBUG   SenderThread:14633 [sender.py:send_request():316] send_request: poll_exit
2023-12-19 10:10:35,763 DEBUG   HandlerThread:14633 [handler.py:handle_request():141] handle_request: poll_exit
2023-12-19 10:10:35,764 DEBUG   SenderThread:14633 [sender.py:send_request():316] send_request: poll_exit
2023-12-19 10:10:35,865 DEBUG   HandlerThread:14633 [handler.py:handle_request():141] handle_request: poll_exit
2023-12-19 10:10:35,866 DEBUG   SenderThread:14633 [sender.py:send_request():316] send_request: poll_exit
2023-12-19 10:10:35,967 DEBUG   HandlerThread:14633 [handler.py:handle_request():141] handle_request: poll_exit
2023-12-19 10:10:35,968 DEBUG   SenderThread:14633 [sender.py:send_request():316] send_request: poll_exit
2023-12-19 10:10:36,070 DEBUG   HandlerThread:14633 [handler.py:handle_request():141] handle_request: poll_exit
2023-12-19 10:10:36,070 DEBUG   SenderThread:14633 [sender.py:send_request():316] send_request: poll_exit
2023-12-19 10:10:36,172 DEBUG   HandlerThread:14633 [handler.py:handle_request():141] handle_request: poll_exit
2023-12-19 10:10:36,172 DEBUG   SenderThread:14633 [sender.py:send_request():316] send_request: poll_exit
2023-12-19 10:10:36,274 DEBUG   HandlerThread:14633 [handler.py:handle_request():141] handle_request: poll_exit
2023-12-19 10:10:36,274 DEBUG   SenderThread:14633 [sender.py:send_request():316] send_request: poll_exit
2023-12-19 10:10:36,376 DEBUG   HandlerThread:14633 [handler.py:handle_request():141] handle_request: poll_exit
2023-12-19 10:10:36,376 DEBUG   SenderThread:14633 [sender.py:send_request():316] send_request: poll_exit
2023-12-19 10:10:36,478 DEBUG   HandlerThread:14633 [handler.py:handle_request():141] handle_request: poll_exit
2023-12-19 10:10:36,479 DEBUG   SenderThread:14633 [sender.py:send_request():316] send_request: poll_exit
2023-12-19 10:10:36,580 DEBUG   HandlerThread:14633 [handler.py:handle_request():141] handle_request: poll_exit
2023-12-19 10:10:36,581 DEBUG   SenderThread:14633 [sender.py:send_request():316] send_request: poll_exit
2023-12-19 10:10:36,682 DEBUG   HandlerThread:14633 [handler.py:handle_request():141] handle_request: poll_exit
2023-12-19 10:10:36,683 DEBUG   SenderThread:14633 [sender.py:send_request():316] send_request: poll_exit
2023-12-19 10:10:36,784 DEBUG   HandlerThread:14633 [handler.py:handle_request():141] handle_request: poll_exit
2023-12-19 10:10:36,785 DEBUG   SenderThread:14633 [sender.py:send_request():316] send_request: poll_exit
2023-12-19 10:10:36,886 DEBUG   HandlerThread:14633 [handler.py:handle_request():141] handle_request: poll_exit
2023-12-19 10:10:36,887 DEBUG   SenderThread:14633 [sender.py:send_request():316] send_request: poll_exit
2023-12-19 10:10:36,988 DEBUG   HandlerThread:14633 [handler.py:handle_request():141] handle_request: poll_exit
2023-12-19 10:10:36,989 DEBUG   SenderThread:14633 [sender.py:send_request():316] send_request: poll_exit
2023-12-19 10:10:37,091 DEBUG   HandlerThread:14633 [handler.py:handle_request():141] handle_request: poll_exit
2023-12-19 10:10:37,091 DEBUG   SenderThread:14633 [sender.py:send_request():316] send_request: poll_exit
2023-12-19 10:10:37,193 DEBUG   HandlerThread:14633 [handler.py:handle_request():141] handle_request: poll_exit
2023-12-19 10:10:37,193 DEBUG   SenderThread:14633 [sender.py:send_request():316] send_request: poll_exit
2023-12-19 10:10:37,218 INFO    Thread-15 :14633 [upload_job.py:push():138] Uploaded file /work3/soeba/HALOS/wandb/run-20231219_100733-1r8nd9xw/files/config.yaml
2023-12-19 10:10:37,295 DEBUG   HandlerThread:14633 [handler.py:handle_request():141] handle_request: poll_exit
2023-12-19 10:10:37,295 DEBUG   SenderThread:14633 [sender.py:send_request():316] send_request: poll_exit
2023-12-19 10:10:37,397 DEBUG   HandlerThread:14633 [handler.py:handle_request():141] handle_request: poll_exit
2023-12-19 10:10:37,397 DEBUG   SenderThread:14633 [sender.py:send_request():316] send_request: poll_exit
2023-12-19 10:10:37,419 INFO    Thread-11 :14633 [sender.py:transition_state():459] send defer: 9
2023-12-19 10:10:37,419 DEBUG   HandlerThread:14633 [handler.py:handle_request():141] handle_request: defer
2023-12-19 10:10:37,420 INFO    HandlerThread:14633 [handler.py:handle_request_defer():164] handle defer: 9
2023-12-19 10:10:37,420 DEBUG   SenderThread:14633 [sender.py:send_request():316] send_request: defer
2023-12-19 10:10:37,421 INFO    SenderThread:14633 [sender.py:send_request_defer():455] handle sender defer: 9
2023-12-19 10:10:37,499 DEBUG   HandlerThread:14633 [handler.py:handle_request():141] handle_request: poll_exit
2023-12-19 10:10:42,599 DEBUG   HandlerThread:14633 [handler.py:handle_request():141] handle_request: poll_exit
2023-12-19 10:10:47,699 DEBUG   HandlerThread:14633 [handler.py:handle_request():141] handle_request: poll_exit
2023-12-19 10:10:52,800 DEBUG   HandlerThread:14633 [handler.py:handle_request():141] handle_request: poll_exit
2023-12-19 10:10:57,900 DEBUG   HandlerThread:14633 [handler.py:handle_request():141] handle_request: poll_exit
2023-12-19 10:11:03,000 DEBUG   HandlerThread:14633 [handler.py:handle_request():141] handle_request: poll_exit
2023-12-19 10:11:08,100 DEBUG   HandlerThread:14633 [handler.py:handle_request():141] handle_request: poll_exit
2023-12-19 10:11:13,201 DEBUG   HandlerThread:14633 [handler.py:handle_request():141] handle_request: poll_exit
2023-12-19 10:11:18,301 DEBUG   HandlerThread:14633 [handler.py:handle_request():141] handle_request: poll_exit
2023-12-19 10:11:23,401 DEBUG   HandlerThread:14633 [handler.py:handle_request():141] handle_request: poll_exit
2023-12-19 10:11:28,502 DEBUG   HandlerThread:14633 [handler.py:handle_request():141] handle_request: poll_exit
2023-12-19 10:11:33,602 DEBUG   HandlerThread:14633 [handler.py:handle_request():141] handle_request: poll_exit
2023-12-19 10:11:38,702 DEBUG   HandlerThread:14633 [handler.py:handle_request():141] handle_request: poll_exit
2023-12-19 10:11:39,990 WARNING FileStreamThread:14633 [file_stream.py:request_with_retry():666] requests_with_retry encountered retryable exception: 500 Server Error: Internal Server Error for url: https://api.wandb.ai/files/phialosophy/esrgan_bones_3.0/1r8nd9xw/file_stream. func: <bound method Session.post of <requests.sessions.Session object at 0x7f31b0071a00>>, args: ('https://api.wandb.ai/files/phialosophy/esrgan_bones_3.0/1r8nd9xw/file_stream',), kwargs: {'json': {'complete': True, 'exitcode': 1, 'dropped': 0, 'uploaded': []}}
2023-12-19 10:11:43,802 DEBUG   HandlerThread:14633 [handler.py:handle_request():141] handle_request: poll_exit
2023-12-19 10:11:48,903 DEBUG   HandlerThread:14633 [handler.py:handle_request():141] handle_request: poll_exit
2023-12-19 10:11:54,003 DEBUG   HandlerThread:14633 [handler.py:handle_request():141] handle_request: poll_exit
2023-12-19 10:11:59,103 DEBUG   HandlerThread:14633 [handler.py:handle_request():141] handle_request: poll_exit
2023-12-19 10:12:03,209 INFO    SenderThread:14633 [sender.py:transition_state():459] send defer: 10
2023-12-19 10:12:03,209 DEBUG   SenderThread:14633 [sender.py:send_request():316] send_request: poll_exit
2023-12-19 10:12:03,209 DEBUG   HandlerThread:14633 [handler.py:handle_request():141] handle_request: defer
2023-12-19 10:12:03,210 DEBUG   SenderThread:14633 [sender.py:send_request():316] send_request: poll_exit
2023-12-19 10:12:03,211 INFO    HandlerThread:14633 [handler.py:handle_request_defer():164] handle defer: 10
2023-12-19 10:12:03,211 DEBUG   SenderThread:14633 [sender.py:send_request():316] send_request: poll_exit
2023-12-19 10:12:03,213 DEBUG   SenderThread:14633 [sender.py:send_request():316] send_request: poll_exit
2023-12-19 10:12:03,213 DEBUG   SenderThread:14633 [sender.py:send_request():316] send_request: poll_exit
2023-12-19 10:12:03,214 DEBUG   SenderThread:14633 [sender.py:send_request():316] send_request: poll_exit
2023-12-19 10:12:03,214 DEBUG   SenderThread:14633 [sender.py:send_request():316] send_request: poll_exit
2023-12-19 10:12:03,215 DEBUG   SenderThread:14633 [sender.py:send_request():316] send_request: poll_exit
2023-12-19 10:12:03,216 DEBUG   SenderThread:14633 [sender.py:send_request():316] send_request: poll_exit
2023-12-19 10:12:03,216 DEBUG   SenderThread:14633 [sender.py:send_request():316] send_request: poll_exit
2023-12-19 10:12:03,217 DEBUG   SenderThread:14633 [sender.py:send_request():316] send_request: poll_exit
2023-12-19 10:12:03,217 DEBUG   SenderThread:14633 [sender.py:send_request():316] send_request: poll_exit
2023-12-19 10:12:03,218 DEBUG   SenderThread:14633 [sender.py:send_request():316] send_request: poll_exit
2023-12-19 10:12:03,219 DEBUG   SenderThread:14633 [sender.py:send_request():316] send_request: poll_exit
2023-12-19 10:12:03,219 DEBUG   SenderThread:14633 [sender.py:send_request():316] send_request: poll_exit
2023-12-19 10:12:03,220 DEBUG   SenderThread:14633 [sender.py:send_request():316] send_request: poll_exit
2023-12-19 10:12:03,220 DEBUG   SenderThread:14633 [sender.py:send_request():316] send_request: poll_exit
2023-12-19 10:12:03,221 DEBUG   SenderThread:14633 [sender.py:send_request():316] send_request: defer
2023-12-19 10:12:03,221 INFO    SenderThread:14633 [sender.py:send_request_defer():455] handle sender defer: 10
2023-12-19 10:12:03,222 INFO    SenderThread:14633 [sender.py:transition_state():459] send defer: 11
2023-12-19 10:12:03,222 DEBUG   SenderThread:14633 [sender.py:send():302] send: final
2023-12-19 10:12:03,222 DEBUG   HandlerThread:14633 [handler.py:handle_request():141] handle_request: defer
2023-12-19 10:12:03,223 DEBUG   SenderThread:14633 [sender.py:send():302] send: footer
2023-12-19 10:12:03,223 INFO    HandlerThread:14633 [handler.py:handle_request_defer():164] handle defer: 11
2023-12-19 10:12:03,225 DEBUG   SenderThread:14633 [sender.py:send_request():316] send_request: defer
2023-12-19 10:12:03,225 INFO    SenderThread:14633 [sender.py:send_request_defer():455] handle sender defer: 11
2023-12-19 10:12:03,322 DEBUG   HandlerThread:14633 [handler.py:handle_request():141] handle_request: poll_exit
2023-12-19 10:12:03,323 DEBUG   SenderThread:14633 [sender.py:send_request():316] send_request: poll_exit
2023-12-19 10:12:03,323 INFO    SenderThread:14633 [file_pusher.py:join():176] waiting for file pusher
2023-12-19 10:12:06,565 DEBUG   HandlerThread:14633 [handler.py:handle_request():141] handle_request: sampled_history
2023-12-19 10:12:06,566 DEBUG   HandlerThread:14633 [handler.py:handle_request():141] handle_request: get_summary
2023-12-19 10:12:06,567 INFO    MainThread:14633 [wandb_run.py:_footer_history_summary_info():3305] rendering history
2023-12-19 10:12:06,567 INFO    MainThread:14633 [wandb_run.py:_footer_history_summary_info():3337] rendering summary
2023-12-19 10:12:06,568 INFO    MainThread:14633 [wandb_run.py:_footer_sync_info():3261] logging synced files
2023-12-19 10:12:06,570 DEBUG   HandlerThread:14633 [handler.py:handle_request():141] handle_request: shutdown
2023-12-19 10:12:06,571 INFO    HandlerThread:14633 [handler.py:finish():810] shutting down handler
2023-12-19 10:12:07,222 INFO    WriterThread:14633 [datastore.py:close():279] close: /work3/soeba/HALOS/wandb/run-20231219_100733-1r8nd9xw/run-1r8nd9xw.wandb
2023-12-19 10:12:07,463 INFO    SenderThread:14633 [sender.py:finish():1312] shutting down sender
2023-12-19 10:12:07,464 INFO    SenderThread:14633 [file_pusher.py:finish():171] shutting down file pusher
2023-12-19 10:12:07,464 INFO    SenderThread:14633 [file_pusher.py:join():176] waiting for file pusher
2023-12-19 10:12:07,573 INFO    MainThread:14633 [internal.py:handle_exit():80] Internal process exited
